{
  "RSpec": {
    "coverage": {
      "/home/ubuntu/workspace/Game101/app/helpers/application_helper.rb": [
        1,
        null
      ],
      "/home/ubuntu/workspace/Game101/app/controllers/questions_controller.rb": [
        1,
        1,
        1,
        0,
        0,
        0,
        0,
        0,
        null,
        0,
        0,
        0,
        0,
        0,
        null,
        null,
        0,
        0,
        null,
        null,
        0,
        0,
        0,
        0,
        0,
        0,
        null,
        null,
        null,
        1,
        1,
        1,
        1,
        1,
        null,
        null,
        1,
        1,
        1,
        null,
        null,
        1,
        2,
        2,
        2,
        null,
        null,
        1,
        7,
        null,
        7,
        1,
        1,
        1,
        null,
        null,
        7,
        0,
        null,
        null,
        null,
        7,
        1,
        null,
        null,
        7,
        5,
        null,
        5,
        5,
        null,
        null,
        2,
        2,
        2,
        null,
        null,
        null,
        1,
        0,
        null,
        null,
        null
      ],
      "/home/ubuntu/workspace/Game101/app/controllers/application_controller.rb": [
        1,
        null,
        null,
        1,
        null
      ],
      "/home/ubuntu/workspace/Game101/app/models/question.rb": [
        1,
        1,
        1,
        1,
        1,
        1,
        0,
        null,
        null,
        null,
        null
      ]
    },
    "timestamp": 1449171306
  },
  "Cucumber Features": {
    "coverage": {
      "/home/ubuntu/workspace/Game101/app/models/question.rb": [
        1,
        1,
        1,
        1,
        1,
        1,
        0,
        null,
        null,
        null,
        null
      ],
      "/home/ubuntu/workspace/Game101/app/controllers/questions_controller.rb": [
        1,
        1,
        1,
        4,
        4,
        4,
        4,
        4,
        null,
        4,
        4,
        4,
        4,
        4,
        null,
        null,
        4,
        7,
        null,
        null,
        4,
        4,
        4,
        4,
        4,
        4,
        null,
        null,
        null,
        1,
        4,
        4,
        4,
        4,
        null,
        null,
        1,
        6,
        6,
        null,
        null,
        1,
        10,
        10,
        10,
        null,
        null,
        1,
        1,
        null,
        1,
        1,
        1,
        1,
        null,
        null,
        1,
        0,
        null,
        null,
        null,
        1,
        0,
        null,
        null,
        1,
        0,
        null,
        0,
        0,
        null,
        null,
        1,
        1,
        1,
        null,
        null,
        null,
        1,
        0,
        null,
        null,
        null
      ],
      "/home/ubuntu/workspace/Game101/app/controllers/application_controller.rb": [
        1,
        null,
        null,
        1,
        null
      ],
      "/home/ubuntu/workspace/Game101/app/helpers/application_helper.rb": [
        1,
        null
      ]
    },
    "timestamp": 1449084216
  }
}
